<?xml version="1.0" encoding="UTF-8"?>
<!-- Generated by org.testng.reporters.JUnitXMLReporter -->
<testsuite ignored="0" hostname="DESKTOP-JNC398C" failures="0" tests="5" name="Test" time="0.092" errors="0" timestamp="2024-08-13T23:02:33 IST">
  <testcase classname="assignments.WorkingwithTestNG" name="a" time="0.016"/>
  <testcase classname="assignments.WorkingwithTestNG" name="c" time="0.002"/>
  <testcase classname="assignments.WrkingTestNgFile2" name="method1" time="0.002"/>
  <testcase classname="assignments.WrkingTestNgFile2" name="method2" time="0.001"/>
  <testcase classname="assignments.WrkingTestNgFile2" name="method2" time="0.001"/>
</testsuite> <!-- Test -->
