<?xml version="1.0" encoding="UTF-8"?>
<!-- Generated by org.testng.reporters.JUnitXMLReporter -->
<testsuite ignored="1" hostname="DESKTOP-JNC398C" failures="0" tests="1" name="Test" time="0.056" errors="0" timestamp="2024-08-17T20:00:34 IST">
  <testcase classname="com.actitime.testScripts.Project" name="createProject" time="0.009"/>
  <testcase classname="com.actitime.testScripts.Project" name="deleteProject" time="0.0">
    <ignored/>
  </testcase> <!-- deleteProject -->
</testsuite> <!-- Test -->
